2024-03-11T17:08:42.983+01:00  INFO 43610 --- [webapp] [restartedMain] c.o.webapp.WebappApplication             : Starting WebappApplication using Java 17.0.9 with PID 43610 (/Users/pierre/eclipse-workspace/P12/webapp/target/classes started by pierre in /Users/pierre/eclipse-workspace/P12/webapp)
2024-03-11T17:08:43.001+01:00  INFO 43610 --- [webapp] [restartedMain] c.o.webapp.WebappApplication             : No active profile set, falling back to 1 default profile: "default"
2024-03-11T17:08:43.237+01:00  INFO 43610 --- [webapp] [restartedMain] .e.DevToolsPropertyDefaultsPostProcessor : Devtools property defaults active! Set 'spring.devtools.add-properties' to 'false' to disable
2024-03-11T17:08:43.238+01:00  INFO 43610 --- [webapp] [restartedMain] .e.DevToolsPropertyDefaultsPostProcessor : For additional web related logging consider setting the 'logging.level.web' property to 'DEBUG'
2024-03-11T17:08:45.293+01:00  INFO 43610 --- [webapp] [restartedMain] o.s.b.w.embedded.tomcat.TomcatWebServer  : Tomcat initialized with port 9001 (http)
2024-03-11T17:08:45.310+01:00  INFO 43610 --- [webapp] [restartedMain] o.apache.catalina.core.StandardService   : Starting service [Tomcat]
2024-03-11T17:08:45.311+01:00  INFO 43610 --- [webapp] [restartedMain] o.apache.catalina.core.StandardEngine    : Starting Servlet engine: [Apache Tomcat/10.1.18]
2024-03-11T17:08:45.421+01:00  INFO 43610 --- [webapp] [restartedMain] o.a.c.c.C.[Tomcat].[localhost].[/]       : Initializing Spring embedded WebApplicationContext
2024-03-11T17:08:45.422+01:00  INFO 43610 --- [webapp] [restartedMain] w.s.c.ServletWebServerApplicationContext : Root WebApplicationContext: initialization completed in 2183 ms
2024-03-11T17:08:46.602+01:00  INFO 43610 --- [webapp] [restartedMain] o.s.b.d.a.OptionalLiveReloadServer       : LiveReload server is running on port 35729
2024-03-11T17:08:46.663+01:00  INFO 43610 --- [webapp] [restartedMain] o.s.b.w.embedded.tomcat.TomcatWebServer  : Tomcat started on port 9001 (http) with context path ''
2024-03-11T17:08:46.708+01:00  INFO 43610 --- [webapp] [restartedMain] c.o.webapp.WebappApplication             : Started WebappApplication in 4.613 seconds (process running for 5.561)
2024-03-11T17:09:00.313+01:00  INFO 43610 --- [webapp] [http-nio-9001-exec-1] o.a.c.c.C.[Tomcat].[localhost].[/]       : Initializing Spring DispatcherServlet 'dispatcherServlet'
2024-03-11T17:09:00.318+01:00  INFO 43610 --- [webapp] [http-nio-9001-exec-1] o.s.web.servlet.DispatcherServlet        : Initializing Servlet 'dispatcherServlet'
2024-03-11T17:09:00.323+01:00  INFO 43610 --- [webapp] [http-nio-9001-exec-1] o.s.web.servlet.DispatcherServlet        : Completed initialization in 5 ms
2024-03-11T17:09:00.687+01:00  WARN 43610 --- [webapp] [http-nio-9001-exec-1] actStandardFragmentInsertionTagProcessor : [THYMELEAF][http-nio-9001-exec-1][home] Deprecated unwrapped fragment expression "fragments/menu" found in template home, line 14, col 6. Please use the complete syntax of fragment expressions instead ("~{fragments/menu}"). The old, unwrapped syntax for fragment expressions will be removed in future versions of Thymeleaf.
2024-03-11T17:09:00.872+01:00  WARN 43610 --- [webapp] [http-nio-9001-exec-1] actStandardFragmentInsertionTagProcessor : [THYMELEAF][http-nio-9001-exec-1][home] Deprecated unwrapped fragment expression "fragments/footer" found in template home, line 100, col 6. Please use the complete syntax of fragment expressions instead ("~{fragments/footer}"). The old, unwrapped syntax for fragment expressions will be removed in future versions of Thymeleaf.
2024-03-11T17:09:29.947+01:00  WARN 43610 --- [webapp] [http-nio-9001-exec-10] actStandardFragmentInsertionTagProcessor : [THYMELEAF][http-nio-9001-exec-10][login] Deprecated unwrapped fragment expression "fragments/menu" found in template login, line 14, col 6. Please use the complete syntax of fragment expressions instead ("~{fragments/menu}"). The old, unwrapped syntax for fragment expressions will be removed in future versions of Thymeleaf.
2024-03-11T17:09:29.963+01:00  WARN 43610 --- [webapp] [http-nio-9001-exec-10] actStandardFragmentInsertionTagProcessor : [THYMELEAF][http-nio-9001-exec-10][login] Deprecated unwrapped fragment expression "fragments/footer" found in template login, line 58, col 10. Please use the complete syntax of fragment expressions instead ("~{fragments/footer}"). The old, unwrapped syntax for fragment expressions will be removed in future versions of Thymeleaf.
2024-03-11T17:09:34.994+01:00  WARN 43610 --- [webapp] [http-nio-9001-exec-6] actStandardFragmentInsertionTagProcessor : [THYMELEAF][http-nio-9001-exec-6][signup] Deprecated unwrapped fragment expression "fragments/menu" found in template signup, line 14, col 6. Please use the complete syntax of fragment expressions instead ("~{fragments/menu}"). The old, unwrapped syntax for fragment expressions will be removed in future versions of Thymeleaf.
2024-03-11T17:09:35.080+01:00  WARN 43610 --- [webapp] [http-nio-9001-exec-6] actStandardFragmentInsertionTagProcessor : [THYMELEAF][http-nio-9001-exec-6][signup] Deprecated unwrapped fragment expression "fragments/footer" found in template signup, line 123, col 6. Please use the complete syntax of fragment expressions instead ("~{fragments/footer}"). The old, unwrapped syntax for fragment expressions will be removed in future versions of Thymeleaf.
2024-03-11T17:10:04.711+01:00  WARN 43610 --- [webapp] [http-nio-9001-exec-4] actStandardFragmentInsertionTagProcessor : [THYMELEAF][http-nio-9001-exec-4][home] Deprecated unwrapped fragment expression "fragments/menu" found in template home, line 14, col 6. Please use the complete syntax of fragment expressions instead ("~{fragments/menu}"). The old, unwrapped syntax for fragment expressions will be removed in future versions of Thymeleaf.
2024-03-11T17:10:04.734+01:00  WARN 43610 --- [webapp] [http-nio-9001-exec-4] actStandardFragmentInsertionTagProcessor : [THYMELEAF][http-nio-9001-exec-4][home] Deprecated unwrapped fragment expression "fragments/footer" found in template home, line 100, col 6. Please use the complete syntax of fragment expressions instead ("~{fragments/footer}"). The old, unwrapped syntax for fragment expressions will be removed in future versions of Thymeleaf.
2024-03-11T17:10:17.163+01:00  WARN 43610 --- [webapp] [http-nio-9001-exec-1] actStandardFragmentInsertionTagProcessor : [THYMELEAF][http-nio-9001-exec-1][login] Deprecated unwrapped fragment expression "fragments/menu" found in template login, line 14, col 6. Please use the complete syntax of fragment expressions instead ("~{fragments/menu}"). The old, unwrapped syntax for fragment expressions will be removed in future versions of Thymeleaf.
2024-03-11T17:10:17.173+01:00  WARN 43610 --- [webapp] [http-nio-9001-exec-1] actStandardFragmentInsertionTagProcessor : [THYMELEAF][http-nio-9001-exec-1][login] Deprecated unwrapped fragment expression "fragments/footer" found in template login, line 58, col 10. Please use the complete syntax of fragment expressions instead ("~{fragments/footer}"). The old, unwrapped syntax for fragment expressions will be removed in future versions of Thymeleaf.
2024-03-11T17:10:38.716+01:00  WARN 43610 --- [webapp] [http-nio-9001-exec-10] actStandardFragmentInsertionTagProcessor : [THYMELEAF][http-nio-9001-exec-10][home] Deprecated unwrapped fragment expression "fragments/menu" found in template home, line 14, col 6. Please use the complete syntax of fragment expressions instead ("~{fragments/menu}"). The old, unwrapped syntax for fragment expressions will be removed in future versions of Thymeleaf.
2024-03-11T17:10:38.742+01:00  WARN 43610 --- [webapp] [http-nio-9001-exec-10] actStandardFragmentInsertionTagProcessor : [THYMELEAF][http-nio-9001-exec-10][home] Deprecated unwrapped fragment expression "fragments/footer" found in template home, line 100, col 6. Please use the complete syntax of fragment expressions instead ("~{fragments/footer}"). The old, unwrapped syntax for fragment expressions will be removed in future versions of Thymeleaf.
2024-03-11T17:10:41.068+01:00  WARN 43610 --- [webapp] [http-nio-9001-exec-8] actStandardFragmentInsertionTagProcessor : [THYMELEAF][http-nio-9001-exec-8][compte] Deprecated unwrapped fragment expression "fragments/menu" found in template compte, line 13, col 6. Please use the complete syntax of fragment expressions instead ("~{fragments/menu}"). The old, unwrapped syntax for fragment expressions will be removed in future versions of Thymeleaf.
2024-03-11T17:10:41.109+01:00  WARN 43610 --- [webapp] [http-nio-9001-exec-8] actStandardFragmentInsertionTagProcessor : [THYMELEAF][http-nio-9001-exec-8][compte] Deprecated unwrapped fragment expression "fragments/footer" found in template compte, line 133, col 6. Please use the complete syntax of fragment expressions instead ("~{fragments/footer}"). The old, unwrapped syntax for fragment expressions will be removed in future versions of Thymeleaf.
2024-03-11T17:10:49.901+01:00  WARN 43610 --- [webapp] [http-nio-9001-exec-5] actStandardFragmentInsertionTagProcessor : [THYMELEAF][http-nio-9001-exec-5][home] Deprecated unwrapped fragment expression "fragments/menu" found in template home, line 14, col 6. Please use the complete syntax of fragment expressions instead ("~{fragments/menu}"). The old, unwrapped syntax for fragment expressions will be removed in future versions of Thymeleaf.
2024-03-11T17:10:49.912+01:00  WARN 43610 --- [webapp] [http-nio-9001-exec-5] actStandardFragmentInsertionTagProcessor : [THYMELEAF][http-nio-9001-exec-5][home] Deprecated unwrapped fragment expression "fragments/footer" found in template home, line 100, col 6. Please use the complete syntax of fragment expressions instead ("~{fragments/footer}"). The old, unwrapped syntax for fragment expressions will be removed in future versions of Thymeleaf.
2024-03-11T17:11:26.396+01:00  WARN 43610 --- [webapp] [http-nio-9001-exec-10] actStandardFragmentInsertionTagProcessor : [THYMELEAF][http-nio-9001-exec-10][miels] Deprecated unwrapped fragment expression "fragments/menu" found in template miels, line 12, col 9. Please use the complete syntax of fragment expressions instead ("~{fragments/menu}"). The old, unwrapped syntax for fragment expressions will be removed in future versions of Thymeleaf.
2024-03-11T17:11:26.430+01:00  WARN 43610 --- [webapp] [http-nio-9001-exec-10] actStandardFragmentInsertionTagProcessor : [THYMELEAF][http-nio-9001-exec-10][miels] Deprecated unwrapped fragment expression "fragments/footer" found in template miels, line 32, col 6. Please use the complete syntax of fragment expressions instead ("~{fragments/footer}"). The old, unwrapped syntax for fragment expressions will be removed in future versions of Thymeleaf.
2024-03-11T17:11:29.045+01:00  WARN 43610 --- [webapp] [http-nio-9001-exec-4] actStandardFragmentInsertionTagProcessor : [THYMELEAF][http-nio-9001-exec-4][miel] Deprecated unwrapped fragment expression "fragments/menu" found in template miel, line 12, col 6. Please use the complete syntax of fragment expressions instead ("~{fragments/menu}"). The old, unwrapped syntax for fragment expressions will be removed in future versions of Thymeleaf.
2024-03-11T17:11:29.065+01:00  WARN 43610 --- [webapp] [http-nio-9001-exec-4] actStandardFragmentInsertionTagProcessor : [THYMELEAF][http-nio-9001-exec-4][miel] Deprecated unwrapped fragment expression "fragments/footer" found in template miel, line 57, col 11. Please use the complete syntax of fragment expressions instead ("~{fragments/footer}"). The old, unwrapped syntax for fragment expressions will be removed in future versions of Thymeleaf.
2024-03-11T17:11:33.267+01:00  WARN 43610 --- [webapp] [http-nio-9001-exec-9] actStandardFragmentInsertionTagProcessor : [THYMELEAF][http-nio-9001-exec-9][home] Deprecated unwrapped fragment expression "fragments/menu" found in template home, line 14, col 6. Please use the complete syntax of fragment expressions instead ("~{fragments/menu}"). The old, unwrapped syntax for fragment expressions will be removed in future versions of Thymeleaf.
2024-03-11T17:11:33.275+01:00  WARN 43610 --- [webapp] [http-nio-9001-exec-9] actStandardFragmentInsertionTagProcessor : [THYMELEAF][http-nio-9001-exec-9][home] Deprecated unwrapped fragment expression "fragments/footer" found in template home, line 100, col 6. Please use the complete syntax of fragment expressions instead ("~{fragments/footer}"). The old, unwrapped syntax for fragment expressions will be removed in future versions of Thymeleaf.
2024-03-11T17:25:46.279+01:00  WARN 43610 --- [webapp] [http-nio-9001-exec-4] actStandardFragmentInsertionTagProcessor : [THYMELEAF][http-nio-9001-exec-4][home] Deprecated unwrapped fragment expression "fragments/menu" found in template home, line 14, col 6. Please use the complete syntax of fragment expressions instead ("~{fragments/menu}"). The old, unwrapped syntax for fragment expressions will be removed in future versions of Thymeleaf.
2024-03-11T17:25:46.298+01:00  WARN 43610 --- [webapp] [http-nio-9001-exec-4] actStandardFragmentInsertionTagProcessor : [THYMELEAF][http-nio-9001-exec-4][home] Deprecated unwrapped fragment expression "fragments/footer" found in template home, line 100, col 6. Please use the complete syntax of fragment expressions instead ("~{fragments/footer}"). The old, unwrapped syntax for fragment expressions will be removed in future versions of Thymeleaf.
2024-03-11T17:25:51.495+01:00  WARN 43610 --- [webapp] [http-nio-9001-exec-9] actStandardFragmentInsertionTagProcessor : [THYMELEAF][http-nio-9001-exec-9][compte] Deprecated unwrapped fragment expression "fragments/menu" found in template compte, line 13, col 6. Please use the complete syntax of fragment expressions instead ("~{fragments/menu}"). The old, unwrapped syntax for fragment expressions will be removed in future versions of Thymeleaf.
2024-03-11T17:25:51.524+01:00  WARN 43610 --- [webapp] [http-nio-9001-exec-9] actStandardFragmentInsertionTagProcessor : [THYMELEAF][http-nio-9001-exec-9][compte] Deprecated unwrapped fragment expression "fragments/footer" found in template compte, line 133, col 6. Please use the complete syntax of fragment expressions instead ("~{fragments/footer}"). The old, unwrapped syntax for fragment expressions will be removed in future versions of Thymeleaf.
2024-03-11T18:07:51.102+01:00  INFO 43610 --- [webapp] [File Watcher] rtingClassPathChangeChangedEventListener : Restarting due to 5 class path changes (0 additions, 0 deletions, 5 modifications)
2024-03-11T18:07:51.628+01:00  INFO 43610 --- [webapp] [restartedMain] c.o.webapp.WebappApplication             : Starting WebappApplication using Java 17.0.9 with PID 43610 (/Users/pierre/eclipse-workspace/P12/webapp/target/classes started by pierre in /Users/pierre/eclipse-workspace/P12/webapp)
2024-03-11T18:07:51.630+01:00  INFO 43610 --- [webapp] [restartedMain] c.o.webapp.WebappApplication             : No active profile set, falling back to 1 default profile: "default"
2024-03-11T18:07:52.697+01:00  INFO 43610 --- [webapp] [restartedMain] o.s.b.w.embedded.tomcat.TomcatWebServer  : Tomcat initialized with port 9001 (http)
2024-03-11T18:07:52.704+01:00  INFO 43610 --- [webapp] [restartedMain] o.apache.catalina.core.StandardService   : Starting service [Tomcat]
2024-03-11T18:07:52.704+01:00  INFO 43610 --- [webapp] [restartedMain] o.apache.catalina.core.StandardEngine    : Starting Servlet engine: [Apache Tomcat/10.1.18]
2024-03-11T18:07:52.722+01:00  INFO 43610 --- [webapp] [restartedMain] o.a.c.c.C.[Tomcat].[localhost].[/]       : Initializing Spring embedded WebApplicationContext
2024-03-11T18:07:52.723+01:00  INFO 43610 --- [webapp] [restartedMain] w.s.c.ServletWebServerApplicationContext : Root WebApplicationContext: initialization completed in 1074 ms
2024-03-11T18:07:53.149+01:00  INFO 43610 --- [webapp] [restartedMain] o.s.b.d.a.OptionalLiveReloadServer       : LiveReload server is running on port 35729
2024-03-11T18:07:53.182+01:00  INFO 43610 --- [webapp] [restartedMain] o.s.b.w.embedded.tomcat.TomcatWebServer  : Tomcat started on port 9001 (http) with context path ''
2024-03-11T18:07:53.195+01:00  INFO 43610 --- [webapp] [restartedMain] c.o.webapp.WebappApplication             : Started WebappApplication in 1.835 seconds (process running for 3551.629)
2024-03-11T18:07:53.221+01:00  INFO 43610 --- [webapp] [restartedMain] .ConditionEvaluationDeltaLoggingListener : Condition evaluation unchanged
2024-03-11T18:13:03.833+01:00  INFO 43610 --- [webapp] [File Watcher] rtingClassPathChangeChangedEventListener : Restarting due to 3 class path changes (0 additions, 1 deletion, 2 modifications)
2024-03-11T18:13:04.145+01:00  INFO 43610 --- [webapp] [restartedMain] c.o.webapp.WebappApplication             : Starting WebappApplication using Java 17.0.9 with PID 43610 (/Users/pierre/eclipse-workspace/P12/webapp/target/classes started by pierre in /Users/pierre/eclipse-workspace/P12/webapp)
2024-03-11T18:13:04.147+01:00  INFO 43610 --- [webapp] [restartedMain] c.o.webapp.WebappApplication             : No active profile set, falling back to 1 default profile: "default"
2024-03-11T18:13:04.652+01:00  INFO 43610 --- [webapp] [restartedMain] o.s.b.w.embedded.tomcat.TomcatWebServer  : Tomcat initialized with port 9001 (http)
2024-03-11T18:13:04.656+01:00  INFO 43610 --- [webapp] [restartedMain] o.apache.catalina.core.StandardService   : Starting service [Tomcat]
2024-03-11T18:13:04.656+01:00  INFO 43610 --- [webapp] [restartedMain] o.apache.catalina.core.StandardEngine    : Starting Servlet engine: [Apache Tomcat/10.1.18]
2024-03-11T18:13:04.672+01:00  INFO 43610 --- [webapp] [restartedMain] o.a.c.c.C.[Tomcat].[localhost].[/]       : Initializing Spring embedded WebApplicationContext
2024-03-11T18:13:04.672+01:00  INFO 43610 --- [webapp] [restartedMain] w.s.c.ServletWebServerApplicationContext : Root WebApplicationContext: initialization completed in 514 ms
2024-03-11T18:13:04.981+01:00  INFO 43610 --- [webapp] [restartedMain] o.s.b.d.a.OptionalLiveReloadServer       : LiveReload server is running on port 35729
2024-03-11T18:13:05.005+01:00  INFO 43610 --- [webapp] [restartedMain] o.s.b.w.embedded.tomcat.TomcatWebServer  : Tomcat started on port 9001 (http) with context path ''
2024-03-11T18:13:05.012+01:00  INFO 43610 --- [webapp] [restartedMain] c.o.webapp.WebappApplication             : Started WebappApplication in 0.992 seconds (process running for 3863.446)
2024-03-11T18:13:05.019+01:00  INFO 43610 --- [webapp] [restartedMain] .ConditionEvaluationDeltaLoggingListener : Condition evaluation unchanged
2024-03-11T18:13:23.685+01:00  INFO 43610 --- [webapp] [File Watcher] rtingClassPathChangeChangedEventListener : Restarting due to 1 class path change (0 additions, 0 deletions, 1 modification)
2024-03-11T18:13:23.914+01:00  INFO 43610 --- [webapp] [restartedMain] c.o.webapp.WebappApplication             : Starting WebappApplication using Java 17.0.9 with PID 43610 (/Users/pierre/eclipse-workspace/P12/webapp/target/classes started by pierre in /Users/pierre/eclipse-workspace/P12/webapp)
2024-03-11T18:13:23.916+01:00  INFO 43610 --- [webapp] [restartedMain] c.o.webapp.WebappApplication             : No active profile set, falling back to 1 default profile: "default"
2024-03-11T18:13:24.332+01:00  INFO 43610 --- [webapp] [restartedMain] o.s.b.w.embedded.tomcat.TomcatWebServer  : Tomcat initialized with port 9001 (http)
2024-03-11T18:13:24.336+01:00  INFO 43610 --- [webapp] [restartedMain] o.apache.catalina.core.StandardService   : Starting service [Tomcat]
2024-03-11T18:13:24.336+01:00  INFO 43610 --- [webapp] [restartedMain] o.apache.catalina.core.StandardEngine    : Starting Servlet engine: [Apache Tomcat/10.1.18]
2024-03-11T18:13:24.350+01:00  INFO 43610 --- [webapp] [restartedMain] o.a.c.c.C.[Tomcat].[localhost].[/]       : Initializing Spring embedded WebApplicationContext
2024-03-11T18:13:24.351+01:00  INFO 43610 --- [webapp] [restartedMain] w.s.c.ServletWebServerApplicationContext : Root WebApplicationContext: initialization completed in 417 ms
2024-03-11T18:13:24.655+01:00  INFO 43610 --- [webapp] [restartedMain] o.s.b.d.a.OptionalLiveReloadServer       : LiveReload server is running on port 35729
2024-03-11T18:13:24.686+01:00  INFO 43610 --- [webapp] [restartedMain] o.s.b.w.embedded.tomcat.TomcatWebServer  : Tomcat started on port 9001 (http) with context path ''
2024-03-11T18:13:24.697+01:00  INFO 43610 --- [webapp] [restartedMain] c.o.webapp.WebappApplication             : Started WebappApplication in 0.891 seconds (process running for 3883.139)
2024-03-11T18:13:24.704+01:00  INFO 43610 --- [webapp] [restartedMain] .ConditionEvaluationDeltaLoggingListener : Condition evaluation unchanged
2024-03-11T18:13:40.278+01:00  INFO 43610 --- [webapp] [File Watcher] rtingClassPathChangeChangedEventListener : Restarting due to 1 class path change (0 additions, 0 deletions, 1 modification)
2024-03-11T18:13:40.528+01:00  INFO 43610 --- [webapp] [restartedMain] c.o.webapp.WebappApplication             : Starting WebappApplication using Java 17.0.9 with PID 43610 (/Users/pierre/eclipse-workspace/P12/webapp/target/classes started by pierre in /Users/pierre/eclipse-workspace/P12/webapp)
2024-03-11T18:13:40.530+01:00  INFO 43610 --- [webapp] [restartedMain] c.o.webapp.WebappApplication             : No active profile set, falling back to 1 default profile: "default"
2024-03-11T18:13:40.866+01:00  INFO 43610 --- [webapp] [restartedMain] o.s.b.w.embedded.tomcat.TomcatWebServer  : Tomcat initialized with port 9001 (http)
2024-03-11T18:13:40.869+01:00  INFO 43610 --- [webapp] [restartedMain] o.apache.catalina.core.StandardService   : Starting service [Tomcat]
2024-03-11T18:13:40.869+01:00  INFO 43610 --- [webapp] [restartedMain] o.apache.catalina.core.StandardEngine    : Starting Servlet engine: [Apache Tomcat/10.1.18]
2024-03-11T18:13:40.887+01:00  INFO 43610 --- [webapp] [restartedMain] o.a.c.c.C.[Tomcat].[localhost].[/]       : Initializing Spring embedded WebApplicationContext
2024-03-11T18:13:40.888+01:00  INFO 43610 --- [webapp] [restartedMain] w.s.c.ServletWebServerApplicationContext : Root WebApplicationContext: initialization completed in 344 ms
2024-03-11T18:13:41.146+01:00  INFO 43610 --- [webapp] [restartedMain] o.s.b.d.a.OptionalLiveReloadServer       : LiveReload server is running on port 35729
2024-03-11T18:13:41.173+01:00  INFO 43610 --- [webapp] [restartedMain] o.s.b.w.embedded.tomcat.TomcatWebServer  : Tomcat started on port 9001 (http) with context path ''
2024-03-11T18:13:41.181+01:00  INFO 43610 --- [webapp] [restartedMain] c.o.webapp.WebappApplication             : Started WebappApplication in 0.795 seconds (process running for 3899.631)
2024-03-11T18:13:41.187+01:00  INFO 43610 --- [webapp] [restartedMain] .ConditionEvaluationDeltaLoggingListener : Condition evaluation unchanged
2024-03-11T18:16:28.181+01:00  INFO 43610 --- [webapp] [File Watcher] rtingClassPathChangeChangedEventListener : Restarting due to 1 class path change (0 additions, 0 deletions, 1 modification)
2024-03-11T18:16:28.487+01:00  INFO 43610 --- [webapp] [restartedMain] c.o.webapp.WebappApplication             : Starting WebappApplication using Java 17.0.9 with PID 43610 (/Users/pierre/eclipse-workspace/P12/webapp/target/classes started by pierre in /Users/pierre/eclipse-workspace/P12/webapp)
2024-03-11T18:16:28.491+01:00  INFO 43610 --- [webapp] [restartedMain] c.o.webapp.WebappApplication             : No active profile set, falling back to 1 default profile: "default"
2024-03-11T18:16:28.854+01:00  INFO 43610 --- [webapp] [restartedMain] o.s.b.w.embedded.tomcat.TomcatWebServer  : Tomcat initialized with port 9001 (http)
2024-03-11T18:16:28.857+01:00  INFO 43610 --- [webapp] [restartedMain] o.apache.catalina.core.StandardService   : Starting service [Tomcat]
2024-03-11T18:16:28.857+01:00  INFO 43610 --- [webapp] [restartedMain] o.apache.catalina.core.StandardEngine    : Starting Servlet engine: [Apache Tomcat/10.1.18]
2024-03-11T18:16:28.870+01:00  INFO 43610 --- [webapp] [restartedMain] o.a.c.c.C.[Tomcat].[localhost].[/]       : Initializing Spring embedded WebApplicationContext
2024-03-11T18:16:28.870+01:00  INFO 43610 --- [webapp] [restartedMain] w.s.c.ServletWebServerApplicationContext : Root WebApplicationContext: initialization completed in 360 ms
2024-03-11T18:16:29.122+01:00  INFO 43610 --- [webapp] [restartedMain] o.s.b.d.a.OptionalLiveReloadServer       : LiveReload server is running on port 35729
2024-03-11T18:16:29.141+01:00  INFO 43610 --- [webapp] [restartedMain] o.s.b.w.embedded.tomcat.TomcatWebServer  : Tomcat started on port 9001 (http) with context path ''
2024-03-11T18:16:29.148+01:00  INFO 43610 --- [webapp] [restartedMain] c.o.webapp.WebappApplication             : Started WebappApplication in 0.802 seconds (process running for 4067.603)
2024-03-11T18:16:29.153+01:00  INFO 43610 --- [webapp] [restartedMain] .ConditionEvaluationDeltaLoggingListener : Condition evaluation unchanged
2024-03-11T18:17:04.068+01:00  INFO 43610 --- [webapp] [File Watcher] rtingClassPathChangeChangedEventListener : Restarting due to 2 class path changes (0 additions, 0 deletions, 2 modifications)
2024-03-11T18:17:04.321+01:00  INFO 43610 --- [webapp] [restartedMain] c.o.webapp.WebappApplication             : Starting WebappApplication using Java 17.0.9 with PID 43610 (/Users/pierre/eclipse-workspace/P12/webapp/target/classes started by pierre in /Users/pierre/eclipse-workspace/P12/webapp)
2024-03-11T18:17:04.324+01:00  INFO 43610 --- [webapp] [restartedMain] c.o.webapp.WebappApplication             : No active profile set, falling back to 1 default profile: "default"
2024-03-11T18:17:04.693+01:00  INFO 43610 --- [webapp] [restartedMain] o.s.b.w.embedded.tomcat.TomcatWebServer  : Tomcat initialized with port 9001 (http)
2024-03-11T18:17:04.697+01:00  INFO 43610 --- [webapp] [restartedMain] o.apache.catalina.core.StandardService   : Starting service [Tomcat]
2024-03-11T18:17:04.697+01:00  INFO 43610 --- [webapp] [restartedMain] o.apache.catalina.core.StandardEngine    : Starting Servlet engine: [Apache Tomcat/10.1.18]
2024-03-11T18:17:04.714+01:00  INFO 43610 --- [webapp] [restartedMain] o.a.c.c.C.[Tomcat].[localhost].[/]       : Initializing Spring embedded WebApplicationContext
2024-03-11T18:17:04.714+01:00  INFO 43610 --- [webapp] [restartedMain] w.s.c.ServletWebServerApplicationContext : Root WebApplicationContext: initialization completed in 372 ms
2024-03-11T18:17:04.983+01:00  INFO 43610 --- [webapp] [restartedMain] o.s.b.d.a.OptionalLiveReloadServer       : LiveReload server is running on port 35729
2024-03-11T18:17:05.003+01:00  INFO 43610 --- [webapp] [restartedMain] o.s.b.w.embedded.tomcat.TomcatWebServer  : Tomcat started on port 9001 (http) with context path ''
2024-03-11T18:17:05.011+01:00  INFO 43610 --- [webapp] [restartedMain] c.o.webapp.WebappApplication             : Started WebappApplication in 0.818 seconds (process running for 4103.466)
2024-03-11T18:17:05.016+01:00  INFO 43610 --- [webapp] [restartedMain] .ConditionEvaluationDeltaLoggingListener : Condition evaluation unchanged
2024-03-11T18:23:19.337+01:00  INFO 43610 --- [webapp] [File Watcher] rtingClassPathChangeChangedEventListener : Restarting due to 1 class path change (0 additions, 0 deletions, 1 modification)
2024-03-11T18:23:19.732+01:00  INFO 43610 --- [webapp] [restartedMain] c.o.webapp.WebappApplication             : Starting WebappApplication using Java 17.0.9 with PID 43610 (/Users/pierre/eclipse-workspace/P12/webapp/target/classes started by pierre in /Users/pierre/eclipse-workspace/P12/webapp)
2024-03-11T18:23:19.735+01:00  INFO 43610 --- [webapp] [restartedMain] c.o.webapp.WebappApplication             : No active profile set, falling back to 1 default profile: "default"
2024-03-11T18:23:20.078+01:00  INFO 43610 --- [webapp] [restartedMain] o.s.b.w.embedded.tomcat.TomcatWebServer  : Tomcat initialized with port 9001 (http)
2024-03-11T18:23:20.081+01:00  INFO 43610 --- [webapp] [restartedMain] o.apache.catalina.core.StandardService   : Starting service [Tomcat]
2024-03-11T18:23:20.082+01:00  INFO 43610 --- [webapp] [restartedMain] o.apache.catalina.core.StandardEngine    : Starting Servlet engine: [Apache Tomcat/10.1.18]
2024-03-11T18:23:20.095+01:00  INFO 43610 --- [webapp] [restartedMain] o.a.c.c.C.[Tomcat].[localhost].[/]       : Initializing Spring embedded WebApplicationContext
2024-03-11T18:23:20.095+01:00  INFO 43610 --- [webapp] [restartedMain] w.s.c.ServletWebServerApplicationContext : Root WebApplicationContext: initialization completed in 341 ms
2024-03-11T18:23:20.335+01:00  INFO 43610 --- [webapp] [restartedMain] o.s.b.d.a.OptionalLiveReloadServer       : LiveReload server is running on port 35729
2024-03-11T18:23:20.354+01:00  INFO 43610 --- [webapp] [restartedMain] o.s.b.w.embedded.tomcat.TomcatWebServer  : Tomcat started on port 9001 (http) with context path ''
2024-03-11T18:23:20.361+01:00  INFO 43610 --- [webapp] [restartedMain] c.o.webapp.WebappApplication             : Started WebappApplication in 0.846 seconds (process running for 4478.818)
2024-03-11T18:23:20.366+01:00  INFO 43610 --- [webapp] [restartedMain] .ConditionEvaluationDeltaLoggingListener : Condition evaluation unchanged
2024-03-11T18:27:27.653+01:00  INFO 43610 --- [webapp] [File Watcher] rtingClassPathChangeChangedEventListener : Restarting due to 1 class path change (0 additions, 0 deletions, 1 modification)
2024-03-11T18:27:27.960+01:00  INFO 43610 --- [webapp] [restartedMain] c.o.webapp.WebappApplication             : Starting WebappApplication using Java 17.0.9 with PID 43610 (/Users/pierre/eclipse-workspace/P12/webapp/target/classes started by pierre in /Users/pierre/eclipse-workspace/P12/webapp)
2024-03-11T18:27:27.963+01:00  INFO 43610 --- [webapp] [restartedMain] c.o.webapp.WebappApplication             : No active profile set, falling back to 1 default profile: "default"
2024-03-11T18:27:28.361+01:00  INFO 43610 --- [webapp] [restartedMain] o.s.b.w.embedded.tomcat.TomcatWebServer  : Tomcat initialized with port 9001 (http)
2024-03-11T18:27:28.366+01:00  INFO 43610 --- [webapp] [restartedMain] o.apache.catalina.core.StandardService   : Starting service [Tomcat]
2024-03-11T18:27:28.367+01:00  INFO 43610 --- [webapp] [restartedMain] o.apache.catalina.core.StandardEngine    : Starting Servlet engine: [Apache Tomcat/10.1.18]
2024-03-11T18:27:28.382+01:00  INFO 43610 --- [webapp] [restartedMain] o.a.c.c.C.[Tomcat].[localhost].[/]       : Initializing Spring embedded WebApplicationContext
2024-03-11T18:27:28.383+01:00  INFO 43610 --- [webapp] [restartedMain] w.s.c.ServletWebServerApplicationContext : Root WebApplicationContext: initialization completed in 401 ms
2024-03-11T18:27:28.629+01:00  INFO 43610 --- [webapp] [restartedMain] o.s.b.d.a.OptionalLiveReloadServer       : LiveReload server is running on port 35729
2024-03-11T18:27:28.647+01:00  INFO 43610 --- [webapp] [restartedMain] o.s.b.w.embedded.tomcat.TomcatWebServer  : Tomcat started on port 9001 (http) with context path ''
2024-03-11T18:27:28.660+01:00  INFO 43610 --- [webapp] [restartedMain] c.o.webapp.WebappApplication             : Started WebappApplication in 0.834 seconds (process running for 4727.119)
2024-03-11T18:27:28.667+01:00  INFO 43610 --- [webapp] [restartedMain] .ConditionEvaluationDeltaLoggingListener : Condition evaluation unchanged
2024-03-11T18:30:51.433+01:00  INFO 43610 --- [webapp] [File Watcher] rtingClassPathChangeChangedEventListener : Restarting due to 3 class path changes (0 additions, 0 deletions, 3 modifications)
2024-03-11T18:30:51.746+01:00  INFO 43610 --- [webapp] [restartedMain] c.o.webapp.WebappApplication             : Starting WebappApplication using Java 17.0.9 with PID 43610 (/Users/pierre/eclipse-workspace/P12/webapp/target/classes started by pierre in /Users/pierre/eclipse-workspace/P12/webapp)
2024-03-11T18:30:51.752+01:00  INFO 43610 --- [webapp] [restartedMain] c.o.webapp.WebappApplication             : No active profile set, falling back to 1 default profile: "default"
2024-03-11T18:30:52.130+01:00  INFO 43610 --- [webapp] [restartedMain] o.s.b.w.embedded.tomcat.TomcatWebServer  : Tomcat initialized with port 9001 (http)
2024-03-11T18:30:52.134+01:00  INFO 43610 --- [webapp] [restartedMain] o.apache.catalina.core.StandardService   : Starting service [Tomcat]
2024-03-11T18:30:52.134+01:00  INFO 43610 --- [webapp] [restartedMain] o.apache.catalina.core.StandardEngine    : Starting Servlet engine: [Apache Tomcat/10.1.18]
2024-03-11T18:30:52.159+01:00  INFO 43610 --- [webapp] [restartedMain] o.a.c.c.C.[Tomcat].[localhost].[/]       : Initializing Spring embedded WebApplicationContext
2024-03-11T18:30:52.160+01:00  INFO 43610 --- [webapp] [restartedMain] w.s.c.ServletWebServerApplicationContext : Root WebApplicationContext: initialization completed in 393 ms
2024-03-11T18:30:52.508+01:00  INFO 43610 --- [webapp] [restartedMain] o.s.b.d.a.OptionalLiveReloadServer       : LiveReload server is running on port 35729
2024-03-11T18:30:52.528+01:00  INFO 43610 --- [webapp] [restartedMain] o.s.b.w.embedded.tomcat.TomcatWebServer  : Tomcat started on port 9001 (http) with context path ''
2024-03-11T18:30:52.535+01:00  INFO 43610 --- [webapp] [restartedMain] c.o.webapp.WebappApplication             : Started WebappApplication in 0.917 seconds (process running for 4930.953)
2024-03-11T18:30:52.541+01:00  INFO 43610 --- [webapp] [restartedMain] .ConditionEvaluationDeltaLoggingListener : Condition evaluation unchanged
2024-03-11T18:31:33.717+01:00  INFO 43610 --- [webapp] [File Watcher] rtingClassPathChangeChangedEventListener : Restarting due to 1 class path change (0 additions, 0 deletions, 1 modification)
2024-03-11T18:31:34.028+01:00  INFO 43610 --- [webapp] [restartedMain] c.o.webapp.WebappApplication             : Starting WebappApplication using Java 17.0.9 with PID 43610 (/Users/pierre/eclipse-workspace/P12/webapp/target/classes started by pierre in /Users/pierre/eclipse-workspace/P12/webapp)
2024-03-11T18:31:34.031+01:00  INFO 43610 --- [webapp] [restartedMain] c.o.webapp.WebappApplication             : No active profile set, falling back to 1 default profile: "default"
2024-03-11T18:31:34.383+01:00  INFO 43610 --- [webapp] [restartedMain] o.s.b.w.embedded.tomcat.TomcatWebServer  : Tomcat initialized with port 9001 (http)
2024-03-11T18:31:34.387+01:00  INFO 43610 --- [webapp] [restartedMain] o.apache.catalina.core.StandardService   : Starting service [Tomcat]
2024-03-11T18:31:34.387+01:00  INFO 43610 --- [webapp] [restartedMain] o.apache.catalina.core.StandardEngine    : Starting Servlet engine: [Apache Tomcat/10.1.18]
2024-03-11T18:31:34.400+01:00  INFO 43610 --- [webapp] [restartedMain] o.a.c.c.C.[Tomcat].[localhost].[/]       : Initializing Spring embedded WebApplicationContext
2024-03-11T18:31:34.401+01:00  INFO 43610 --- [webapp] [restartedMain] w.s.c.ServletWebServerApplicationContext : Root WebApplicationContext: initialization completed in 356 ms
2024-03-11T18:31:34.659+01:00  INFO 43610 --- [webapp] [restartedMain] o.s.b.d.a.OptionalLiveReloadServer       : LiveReload server is running on port 35729
2024-03-11T18:31:34.683+01:00  INFO 43610 --- [webapp] [restartedMain] o.s.b.w.embedded.tomcat.TomcatWebServer  : Tomcat started on port 9001 (http) with context path ''
2024-03-11T18:31:34.693+01:00  INFO 43610 --- [webapp] [restartedMain] c.o.webapp.WebappApplication             : Started WebappApplication in 0.8 seconds (process running for 4973.111)
2024-03-11T18:31:34.698+01:00  INFO 43610 --- [webapp] [restartedMain] .ConditionEvaluationDeltaLoggingListener : Condition evaluation unchanged
2024-03-11T18:32:13.681+01:00  INFO 43610 --- [webapp] [File Watcher] rtingClassPathChangeChangedEventListener : Restarting due to 2 class path changes (0 additions, 0 deletions, 2 modifications)
2024-03-11T18:32:13.941+01:00  INFO 43610 --- [webapp] [restartedMain] c.o.webapp.WebappApplication             : Starting WebappApplication using Java 17.0.9 with PID 43610 (/Users/pierre/eclipse-workspace/P12/webapp/target/classes started by pierre in /Users/pierre/eclipse-workspace/P12/webapp)
2024-03-11T18:32:13.944+01:00  INFO 43610 --- [webapp] [restartedMain] c.o.webapp.WebappApplication             : No active profile set, falling back to 1 default profile: "default"
2024-03-11T18:32:14.271+01:00  INFO 43610 --- [webapp] [restartedMain] o.s.b.w.embedded.tomcat.TomcatWebServer  : Tomcat initialized with port 9001 (http)
2024-03-11T18:32:14.276+01:00  INFO 43610 --- [webapp] [restartedMain] o.apache.catalina.core.StandardService   : Starting service [Tomcat]
2024-03-11T18:32:14.276+01:00  INFO 43610 --- [webapp] [restartedMain] o.apache.catalina.core.StandardEngine    : Starting Servlet engine: [Apache Tomcat/10.1.18]
2024-03-11T18:32:14.294+01:00  INFO 43610 --- [webapp] [restartedMain] o.a.c.c.C.[Tomcat].[localhost].[/]       : Initializing Spring embedded WebApplicationContext
2024-03-11T18:32:14.295+01:00  INFO 43610 --- [webapp] [restartedMain] w.s.c.ServletWebServerApplicationContext : Root WebApplicationContext: initialization completed in 339 ms
2024-03-11T18:32:14.539+01:00  INFO 43610 --- [webapp] [restartedMain] o.s.b.d.a.OptionalLiveReloadServer       : LiveReload server is running on port 35729
2024-03-11T18:32:14.561+01:00  INFO 43610 --- [webapp] [restartedMain] o.s.b.w.embedded.tomcat.TomcatWebServer  : Tomcat started on port 9001 (http) with context path ''
2024-03-11T18:32:14.571+01:00  INFO 43610 --- [webapp] [restartedMain] c.o.webapp.WebappApplication             : Started WebappApplication in 0.762 seconds (process running for 5012.989)
2024-03-11T18:32:14.577+01:00  INFO 43610 --- [webapp] [restartedMain] .ConditionEvaluationDeltaLoggingListener : Condition evaluation unchanged
2024-03-11T18:32:40.350+01:00  INFO 43610 --- [webapp] [File Watcher] rtingClassPathChangeChangedEventListener : Restarting due to 1 class path change (0 additions, 0 deletions, 1 modification)
2024-03-11T18:32:40.621+01:00  INFO 43610 --- [webapp] [restartedMain] c.o.webapp.WebappApplication             : Starting WebappApplication using Java 17.0.9 with PID 43610 (/Users/pierre/eclipse-workspace/P12/webapp/target/classes started by pierre in /Users/pierre/eclipse-workspace/P12/webapp)
2024-03-11T18:32:40.625+01:00  INFO 43610 --- [webapp] [restartedMain] c.o.webapp.WebappApplication             : No active profile set, falling back to 1 default profile: "default"
2024-03-11T18:32:40.969+01:00  INFO 43610 --- [webapp] [restartedMain] o.s.b.w.embedded.tomcat.TomcatWebServer  : Tomcat initialized with port 9001 (http)
2024-03-11T18:32:40.973+01:00  INFO 43610 --- [webapp] [restartedMain] o.apache.catalina.core.StandardService   : Starting service [Tomcat]
2024-03-11T18:32:40.973+01:00  INFO 43610 --- [webapp] [restartedMain] o.apache.catalina.core.StandardEngine    : Starting Servlet engine: [Apache Tomcat/10.1.18]
2024-03-11T18:32:40.985+01:00  INFO 43610 --- [webapp] [restartedMain] o.a.c.c.C.[Tomcat].[localhost].[/]       : Initializing Spring embedded WebApplicationContext
2024-03-11T18:32:40.985+01:00  INFO 43610 --- [webapp] [restartedMain] w.s.c.ServletWebServerApplicationContext : Root WebApplicationContext: initialization completed in 348 ms
2024-03-11T18:32:41.234+01:00  INFO 43610 --- [webapp] [restartedMain] o.s.b.d.a.OptionalLiveReloadServer       : LiveReload server is running on port 35729
2024-03-11T18:32:41.255+01:00  INFO 43610 --- [webapp] [restartedMain] o.s.b.w.embedded.tomcat.TomcatWebServer  : Tomcat started on port 9001 (http) with context path ''
2024-03-11T18:32:41.263+01:00  INFO 43610 --- [webapp] [restartedMain] c.o.webapp.WebappApplication             : Started WebappApplication in 0.774 seconds (process running for 5039.68)
2024-03-11T18:32:41.269+01:00  INFO 43610 --- [webapp] [restartedMain] .ConditionEvaluationDeltaLoggingListener : Condition evaluation unchanged
2024-03-11T18:47:14.512+01:00  INFO 43610 --- [webapp] [File Watcher] rtingClassPathChangeChangedEventListener : Restarting due to 2 class path changes (0 additions, 0 deletions, 2 modifications)
2024-03-11T18:47:14.847+01:00  INFO 43610 --- [webapp] [restartedMain] c.o.webapp.WebappApplication             : Starting WebappApplication using Java 17.0.9 with PID 43610 (/Users/pierre/eclipse-workspace/P12/webapp/target/classes started by pierre in /Users/pierre/eclipse-workspace/P12/webapp)
2024-03-11T18:47:14.851+01:00  INFO 43610 --- [webapp] [restartedMain] c.o.webapp.WebappApplication             : No active profile set, falling back to 1 default profile: "default"
2024-03-11T18:47:15.220+01:00  INFO 43610 --- [webapp] [restartedMain] o.s.b.w.embedded.tomcat.TomcatWebServer  : Tomcat initialized with port 9001 (http)
2024-03-11T18:47:15.224+01:00  INFO 43610 --- [webapp] [restartedMain] o.apache.catalina.core.StandardService   : Starting service [Tomcat]
2024-03-11T18:47:15.224+01:00  INFO 43610 --- [webapp] [restartedMain] o.apache.catalina.core.StandardEngine    : Starting Servlet engine: [Apache Tomcat/10.1.18]
2024-03-11T18:47:15.237+01:00  INFO 43610 --- [webapp] [restartedMain] o.a.c.c.C.[Tomcat].[localhost].[/]       : Initializing Spring embedded WebApplicationContext
2024-03-11T18:47:15.237+01:00  INFO 43610 --- [webapp] [restartedMain] w.s.c.ServletWebServerApplicationContext : Root WebApplicationContext: initialization completed in 371 ms
2024-03-11T18:47:15.495+01:00  INFO 43610 --- [webapp] [restartedMain] o.s.b.d.a.OptionalLiveReloadServer       : LiveReload server is running on port 35729
2024-03-11T18:47:15.516+01:00  INFO 43610 --- [webapp] [restartedMain] o.s.b.w.embedded.tomcat.TomcatWebServer  : Tomcat started on port 9001 (http) with context path ''
2024-03-11T18:47:15.523+01:00  INFO 43610 --- [webapp] [restartedMain] c.o.webapp.WebappApplication             : Started WebappApplication in 0.821 seconds (process running for 5913.955)
2024-03-11T18:47:15.528+01:00  INFO 43610 --- [webapp] [restartedMain] .ConditionEvaluationDeltaLoggingListener : Condition evaluation unchanged
2024-03-11T18:47:21.003+01:00  INFO 43610 --- [webapp] [File Watcher] rtingClassPathChangeChangedEventListener : Restarting due to 1 class path change (0 additions, 0 deletions, 1 modification)
2024-03-11T18:47:21.337+01:00  INFO 43610 --- [webapp] [restartedMain] c.o.webapp.WebappApplication             : Starting WebappApplication using Java 17.0.9 with PID 43610 (/Users/pierre/eclipse-workspace/P12/webapp/target/classes started by pierre in /Users/pierre/eclipse-workspace/P12/webapp)
2024-03-11T18:47:21.342+01:00  INFO 43610 --- [webapp] [restartedMain] c.o.webapp.WebappApplication             : No active profile set, falling back to 1 default profile: "default"
2024-03-11T18:47:21.697+01:00  INFO 43610 --- [webapp] [restartedMain] o.s.b.w.embedded.tomcat.TomcatWebServer  : Tomcat initialized with port 9001 (http)
2024-03-11T18:47:21.701+01:00  INFO 43610 --- [webapp] [restartedMain] o.apache.catalina.core.StandardService   : Starting service [Tomcat]
2024-03-11T18:47:21.701+01:00  INFO 43610 --- [webapp] [restartedMain] o.apache.catalina.core.StandardEngine    : Starting Servlet engine: [Apache Tomcat/10.1.18]
2024-03-11T18:47:21.713+01:00  INFO 43610 --- [webapp] [restartedMain] o.a.c.c.C.[Tomcat].[localhost].[/]       : Initializing Spring embedded WebApplicationContext
2024-03-11T18:47:21.713+01:00  INFO 43610 --- [webapp] [restartedMain] w.s.c.ServletWebServerApplicationContext : Root WebApplicationContext: initialization completed in 358 ms
2024-03-11T18:47:21.942+01:00  INFO 43610 --- [webapp] [restartedMain] o.s.b.d.a.OptionalLiveReloadServer       : LiveReload server is running on port 35729
2024-03-11T18:47:21.963+01:00  INFO 43610 --- [webapp] [restartedMain] o.s.b.w.embedded.tomcat.TomcatWebServer  : Tomcat started on port 9001 (http) with context path ''
2024-03-11T18:47:21.971+01:00  INFO 43610 --- [webapp] [restartedMain] c.o.webapp.WebappApplication             : Started WebappApplication in 0.83 seconds (process running for 5920.403)
2024-03-11T18:47:21.976+01:00  INFO 43610 --- [webapp] [restartedMain] .ConditionEvaluationDeltaLoggingListener : Condition evaluation unchanged
2024-03-11T18:57:22.458+01:00  INFO 43610 --- [webapp] [File Watcher] rtingClassPathChangeChangedEventListener : Restarting due to 1 class path change (0 additions, 0 deletions, 1 modification)
2024-03-11T18:57:22.786+01:00  INFO 43610 --- [webapp] [restartedMain] c.o.webapp.WebappApplication             : Starting WebappApplication using Java 17.0.9 with PID 43610 (/Users/pierre/eclipse-workspace/P12/webapp/target/classes started by pierre in /Users/pierre/eclipse-workspace/P12/webapp)
2024-03-11T18:57:22.790+01:00  INFO 43610 --- [webapp] [restartedMain] c.o.webapp.WebappApplication             : No active profile set, falling back to 1 default profile: "default"
2024-03-11T18:57:23.159+01:00  INFO 43610 --- [webapp] [restartedMain] o.s.b.w.embedded.tomcat.TomcatWebServer  : Tomcat initialized with port 9001 (http)
2024-03-11T18:57:23.163+01:00  INFO 43610 --- [webapp] [restartedMain] o.apache.catalina.core.StandardService   : Starting service [Tomcat]
2024-03-11T18:57:23.164+01:00  INFO 43610 --- [webapp] [restartedMain] o.apache.catalina.core.StandardEngine    : Starting Servlet engine: [Apache Tomcat/10.1.18]
2024-03-11T18:57:23.176+01:00  INFO 43610 --- [webapp] [restartedMain] o.a.c.c.C.[Tomcat].[localhost].[/]       : Initializing Spring embedded WebApplicationContext
2024-03-11T18:57:23.176+01:00  INFO 43610 --- [webapp] [restartedMain] w.s.c.ServletWebServerApplicationContext : Root WebApplicationContext: initialization completed in 369 ms
2024-03-11T18:57:23.433+01:00  INFO 43610 --- [webapp] [restartedMain] o.s.b.d.a.OptionalLiveReloadServer       : LiveReload server is running on port 35729
2024-03-11T18:57:23.455+01:00  INFO 43610 --- [webapp] [restartedMain] o.s.b.w.embedded.tomcat.TomcatWebServer  : Tomcat started on port 9001 (http) with context path ''
2024-03-11T18:57:23.466+01:00  INFO 43610 --- [webapp] [restartedMain] c.o.webapp.WebappApplication             : Started WebappApplication in 0.814 seconds (process running for 6521.898)
2024-03-11T18:57:23.472+01:00  INFO 43610 --- [webapp] [restartedMain] .ConditionEvaluationDeltaLoggingListener : Condition evaluation unchanged
2024-03-11T19:00:26.732+01:00  INFO 43610 --- [webapp] [File Watcher] rtingClassPathChangeChangedEventListener : Restarting due to 1 class path change (0 additions, 0 deletions, 1 modification)
2024-03-11T19:00:27.075+01:00  INFO 43610 --- [webapp] [restartedMain] c.o.webapp.WebappApplication             : Starting WebappApplication using Java 17.0.9 with PID 43610 (/Users/pierre/eclipse-workspace/P12/webapp/target/classes started by pierre in /Users/pierre/eclipse-workspace/P12/webapp)
2024-03-11T19:00:27.079+01:00  INFO 43610 --- [webapp] [restartedMain] c.o.webapp.WebappApplication             : No active profile set, falling back to 1 default profile: "default"
2024-03-11T19:00:27.488+01:00  INFO 43610 --- [webapp] [restartedMain] o.s.b.w.embedded.tomcat.TomcatWebServer  : Tomcat initialized with port 9001 (http)
2024-03-11T19:00:27.493+01:00  INFO 43610 --- [webapp] [restartedMain] o.apache.catalina.core.StandardService   : Starting service [Tomcat]
2024-03-11T19:00:27.493+01:00  INFO 43610 --- [webapp] [restartedMain] o.apache.catalina.core.StandardEngine    : Starting Servlet engine: [Apache Tomcat/10.1.18]
2024-03-11T19:00:27.506+01:00  INFO 43610 --- [webapp] [restartedMain] o.a.c.c.C.[Tomcat].[localhost].[/]       : Initializing Spring embedded WebApplicationContext
2024-03-11T19:00:27.506+01:00  INFO 43610 --- [webapp] [restartedMain] w.s.c.ServletWebServerApplicationContext : Root WebApplicationContext: initialization completed in 414 ms
2024-03-11T19:00:27.817+01:00  INFO 43610 --- [webapp] [restartedMain] o.s.b.d.a.OptionalLiveReloadServer       : LiveReload server is running on port 35729
2024-03-11T19:00:27.839+01:00  INFO 43610 --- [webapp] [restartedMain] o.s.b.w.embedded.tomcat.TomcatWebServer  : Tomcat started on port 9001 (http) with context path ''
2024-03-11T19:00:27.847+01:00  INFO 43610 --- [webapp] [restartedMain] c.o.webapp.WebappApplication             : Started WebappApplication in 0.917 seconds (process running for 6706.265)
2024-03-11T19:00:27.854+01:00  INFO 43610 --- [webapp] [restartedMain] .ConditionEvaluationDeltaLoggingListener : Condition evaluation unchanged
2024-03-11T19:11:53.474+01:00  INFO 43610 --- [webapp] [http-nio-9001-exec-1] o.a.c.c.C.[Tomcat].[localhost].[/]       : Initializing Spring DispatcherServlet 'dispatcherServlet'
2024-03-11T19:11:53.477+01:00  INFO 43610 --- [webapp] [http-nio-9001-exec-1] o.s.web.servlet.DispatcherServlet        : Initializing Servlet 'dispatcherServlet'
2024-03-11T19:11:53.481+01:00  INFO 43610 --- [webapp] [http-nio-9001-exec-1] o.s.web.servlet.DispatcherServlet        : Completed initialization in 4 ms
2024-03-11T19:11:53.598+01:00  WARN 43610 --- [webapp] [http-nio-9001-exec-1] actStandardFragmentInsertionTagProcessor : [THYMELEAF][http-nio-9001-exec-1][home] Deprecated unwrapped fragment expression "fragments/menu" found in template home, line 14, col 6. Please use the complete syntax of fragment expressions instead ("~{fragments/menu}"). The old, unwrapped syntax for fragment expressions will be removed in future versions of Thymeleaf.
2024-03-11T19:11:53.612+01:00  WARN 43610 --- [webapp] [http-nio-9001-exec-1] actStandardFragmentInsertionTagProcessor : [THYMELEAF][http-nio-9001-exec-1][home] Deprecated unwrapped fragment expression "fragments/footer" found in template home, line 100, col 6. Please use the complete syntax of fragment expressions instead ("~{fragments/footer}"). The old, unwrapped syntax for fragment expressions will be removed in future versions of Thymeleaf.
2024-03-11T19:11:55.854+01:00  WARN 43610 --- [webapp] [http-nio-9001-exec-9] actStandardFragmentInsertionTagProcessor : [THYMELEAF][http-nio-9001-exec-9][miels] Deprecated unwrapped fragment expression "fragments/menu" found in template miels, line 12, col 9. Please use the complete syntax of fragment expressions instead ("~{fragments/menu}"). The old, unwrapped syntax for fragment expressions will be removed in future versions of Thymeleaf.
2024-03-11T19:11:55.871+01:00  WARN 43610 --- [webapp] [http-nio-9001-exec-9] actStandardFragmentInsertionTagProcessor : [THYMELEAF][http-nio-9001-exec-9][miels] Deprecated unwrapped fragment expression "fragments/footer" found in template miels, line 32, col 6. Please use the complete syntax of fragment expressions instead ("~{fragments/footer}"). The old, unwrapped syntax for fragment expressions will be removed in future versions of Thymeleaf.
2024-03-11T19:11:57.403+01:00  WARN 43610 --- [webapp] [http-nio-9001-exec-6] actStandardFragmentInsertionTagProcessor : [THYMELEAF][http-nio-9001-exec-6][miel] Deprecated unwrapped fragment expression "fragments/menu" found in template miel, line 12, col 6. Please use the complete syntax of fragment expressions instead ("~{fragments/menu}"). The old, unwrapped syntax for fragment expressions will be removed in future versions of Thymeleaf.
2024-03-11T19:11:57.412+01:00  WARN 43610 --- [webapp] [http-nio-9001-exec-6] actStandardFragmentInsertionTagProcessor : [THYMELEAF][http-nio-9001-exec-6][miel] Deprecated unwrapped fragment expression "fragments/footer" found in template miel, line 57, col 11. Please use the complete syntax of fragment expressions instead ("~{fragments/footer}"). The old, unwrapped syntax for fragment expressions will be removed in future versions of Thymeleaf.
2024-03-11T19:12:03.335+01:00  WARN 43610 --- [webapp] [http-nio-9001-exec-9] actStandardFragmentInsertionTagProcessor : [THYMELEAF][http-nio-9001-exec-9][home] Deprecated unwrapped fragment expression "fragments/menu" found in template home, line 14, col 6. Please use the complete syntax of fragment expressions instead ("~{fragments/menu}"). The old, unwrapped syntax for fragment expressions will be removed in future versions of Thymeleaf.
2024-03-11T19:12:03.345+01:00  WARN 43610 --- [webapp] [http-nio-9001-exec-9] actStandardFragmentInsertionTagProcessor : [THYMELEAF][http-nio-9001-exec-9][home] Deprecated unwrapped fragment expression "fragments/footer" found in template home, line 100, col 6. Please use the complete syntax of fragment expressions instead ("~{fragments/footer}"). The old, unwrapped syntax for fragment expressions will be removed in future versions of Thymeleaf.
2024-03-11T19:12:05.144+01:00  WARN 43610 --- [webapp] [http-nio-9001-exec-7] actStandardFragmentInsertionTagProcessor : [THYMELEAF][http-nio-9001-exec-7][login] Deprecated unwrapped fragment expression "fragments/menu" found in template login, line 14, col 6. Please use the complete syntax of fragment expressions instead ("~{fragments/menu}"). The old, unwrapped syntax for fragment expressions will be removed in future versions of Thymeleaf.
2024-03-11T19:12:05.150+01:00  WARN 43610 --- [webapp] [http-nio-9001-exec-7] actStandardFragmentInsertionTagProcessor : [THYMELEAF][http-nio-9001-exec-7][login] Deprecated unwrapped fragment expression "fragments/footer" found in template login, line 58, col 10. Please use the complete syntax of fragment expressions instead ("~{fragments/footer}"). The old, unwrapped syntax for fragment expressions will be removed in future versions of Thymeleaf.
2024-03-11T19:12:15.898+01:00  WARN 43610 --- [webapp] [http-nio-9001-exec-10] actStandardFragmentInsertionTagProcessor : [THYMELEAF][http-nio-9001-exec-10][home] Deprecated unwrapped fragment expression "fragments/menu" found in template home, line 14, col 6. Please use the complete syntax of fragment expressions instead ("~{fragments/menu}"). The old, unwrapped syntax for fragment expressions will be removed in future versions of Thymeleaf.
2024-03-11T19:12:15.904+01:00  WARN 43610 --- [webapp] [http-nio-9001-exec-10] actStandardFragmentInsertionTagProcessor : [THYMELEAF][http-nio-9001-exec-10][home] Deprecated unwrapped fragment expression "fragments/footer" found in template home, line 100, col 6. Please use the complete syntax of fragment expressions instead ("~{fragments/footer}"). The old, unwrapped syntax for fragment expressions will be removed in future versions of Thymeleaf.
2024-03-11T19:12:17.724+01:00  WARN 43610 --- [webapp] [http-nio-9001-exec-8] actStandardFragmentInsertionTagProcessor : [THYMELEAF][http-nio-9001-exec-8][miels] Deprecated unwrapped fragment expression "fragments/menu" found in template miels, line 12, col 9. Please use the complete syntax of fragment expressions instead ("~{fragments/menu}"). The old, unwrapped syntax for fragment expressions will be removed in future versions of Thymeleaf.
2024-03-11T19:12:17.739+01:00  WARN 43610 --- [webapp] [http-nio-9001-exec-8] actStandardFragmentInsertionTagProcessor : [THYMELEAF][http-nio-9001-exec-8][miels] Deprecated unwrapped fragment expression "fragments/footer" found in template miels, line 32, col 6. Please use the complete syntax of fragment expressions instead ("~{fragments/footer}"). The old, unwrapped syntax for fragment expressions will be removed in future versions of Thymeleaf.
2024-03-11T19:12:18.980+01:00  WARN 43610 --- [webapp] [http-nio-9001-exec-9] actStandardFragmentInsertionTagProcessor : [THYMELEAF][http-nio-9001-exec-9][miel] Deprecated unwrapped fragment expression "fragments/menu" found in template miel, line 12, col 6. Please use the complete syntax of fragment expressions instead ("~{fragments/menu}"). The old, unwrapped syntax for fragment expressions will be removed in future versions of Thymeleaf.
2024-03-11T19:12:18.990+01:00  WARN 43610 --- [webapp] [http-nio-9001-exec-9] actStandardFragmentInsertionTagProcessor : [THYMELEAF][http-nio-9001-exec-9][miel] Deprecated unwrapped fragment expression "fragments/footer" found in template miel, line 57, col 11. Please use the complete syntax of fragment expressions instead ("~{fragments/footer}"). The old, unwrapped syntax for fragment expressions will be removed in future versions of Thymeleaf.
2024-03-11T19:13:19.576+01:00  WARN 43610 --- [webapp] [http-nio-9001-exec-8] actStandardFragmentInsertionTagProcessor : [THYMELEAF][http-nio-9001-exec-8][miel] Deprecated unwrapped fragment expression "fragments/menu" found in template miel, line 12, col 10. Please use the complete syntax of fragment expressions instead ("~{fragments/menu}"). The old, unwrapped syntax for fragment expressions will be removed in future versions of Thymeleaf.
2024-03-11T19:13:19.588+01:00  WARN 43610 --- [webapp] [http-nio-9001-exec-8] actStandardFragmentInsertionTagProcessor : [THYMELEAF][http-nio-9001-exec-8][miel] Deprecated unwrapped fragment expression "fragments/footer" found in template miel, line 70, col 6. Please use the complete syntax of fragment expressions instead ("~{fragments/footer}"). The old, unwrapped syntax for fragment expressions will be removed in future versions of Thymeleaf.
2024-03-11T19:14:23.957+01:00  WARN 43610 --- [webapp] [http-nio-9001-exec-5] actStandardFragmentInsertionTagProcessor : [THYMELEAF][http-nio-9001-exec-5][home] Deprecated unwrapped fragment expression "fragments/menu" found in template home, line 14, col 6. Please use the complete syntax of fragment expressions instead ("~{fragments/menu}"). The old, unwrapped syntax for fragment expressions will be removed in future versions of Thymeleaf.
2024-03-11T19:14:23.963+01:00  WARN 43610 --- [webapp] [http-nio-9001-exec-5] actStandardFragmentInsertionTagProcessor : [THYMELEAF][http-nio-9001-exec-5][home] Deprecated unwrapped fragment expression "fragments/footer" found in template home, line 100, col 6. Please use the complete syntax of fragment expressions instead ("~{fragments/footer}"). The old, unwrapped syntax for fragment expressions will be removed in future versions of Thymeleaf.
2024-03-11T19:14:28.190+01:00  WARN 43610 --- [webapp] [http-nio-9001-exec-6] actStandardFragmentInsertionTagProcessor : [THYMELEAF][http-nio-9001-exec-6][compte] Deprecated unwrapped fragment expression "fragments/menu" found in template compte, line 13, col 6. Please use the complete syntax of fragment expressions instead ("~{fragments/menu}"). The old, unwrapped syntax for fragment expressions will be removed in future versions of Thymeleaf.
2024-03-11T19:14:28.262+01:00  WARN 43610 --- [webapp] [http-nio-9001-exec-6] actStandardFragmentInsertionTagProcessor : [THYMELEAF][http-nio-9001-exec-6][compte] Deprecated unwrapped fragment expression "fragments/footer" found in template compte, line 133, col 6. Please use the complete syntax of fragment expressions instead ("~{fragments/footer}"). The old, unwrapped syntax for fragment expressions will be removed in future versions of Thymeleaf.
2024-03-11T19:20:25.029+01:00  INFO 43610 --- [webapp] [File Watcher] rtingClassPathChangeChangedEventListener : Restarting due to 1 class path change (0 additions, 0 deletions, 1 modification)
2024-03-11T19:20:25.428+01:00  INFO 43610 --- [webapp] [restartedMain] c.o.webapp.WebappApplication             : Starting WebappApplication using Java 17.0.9 with PID 43610 (/Users/pierre/eclipse-workspace/P12/webapp/target/classes started by pierre in /Users/pierre/eclipse-workspace/P12/webapp)
2024-03-11T19:20:25.434+01:00  INFO 43610 --- [webapp] [restartedMain] c.o.webapp.WebappApplication             : No active profile set, falling back to 1 default profile: "default"
2024-03-11T19:20:25.815+01:00  INFO 43610 --- [webapp] [restartedMain] o.s.b.w.embedded.tomcat.TomcatWebServer  : Tomcat initialized with port 9001 (http)
2024-03-11T19:20:25.819+01:00  INFO 43610 --- [webapp] [restartedMain] o.apache.catalina.core.StandardService   : Starting service [Tomcat]
2024-03-11T19:20:25.819+01:00  INFO 43610 --- [webapp] [restartedMain] o.apache.catalina.core.StandardEngine    : Starting Servlet engine: [Apache Tomcat/10.1.18]
2024-03-11T19:20:25.849+01:00  INFO 43610 --- [webapp] [restartedMain] o.a.c.c.C.[Tomcat].[localhost].[/]       : Initializing Spring embedded WebApplicationContext
2024-03-11T19:20:25.889+01:00  INFO 43610 --- [webapp] [restartedMain] w.s.c.ServletWebServerApplicationContext : Root WebApplicationContext: initialization completed in 439 ms
2024-03-11T19:20:26.376+01:00  INFO 43610 --- [webapp] [restartedMain] o.s.b.d.a.OptionalLiveReloadServer       : LiveReload server is running on port 35729
2024-03-11T19:20:26.409+01:00  INFO 43610 --- [webapp] [restartedMain] o.s.b.w.embedded.tomcat.TomcatWebServer  : Tomcat started on port 9001 (http) with context path ''
2024-03-11T19:20:26.424+01:00  INFO 43610 --- [webapp] [restartedMain] c.o.webapp.WebappApplication             : Started WebappApplication in 1.138 seconds (process running for 7904.855)
2024-03-11T19:20:26.433+01:00  INFO 43610 --- [webapp] [restartedMain] .ConditionEvaluationDeltaLoggingListener : Condition evaluation unchanged
2024-03-11T19:21:10.500+01:00  INFO 43610 --- [webapp] [File Watcher] rtingClassPathChangeChangedEventListener : Restarting due to 1 class path change (0 additions, 0 deletions, 1 modification)
2024-03-11T19:21:10.847+01:00  INFO 43610 --- [webapp] [restartedMain] c.o.webapp.WebappApplication             : Starting WebappApplication using Java 17.0.9 with PID 43610 (/Users/pierre/eclipse-workspace/P12/webapp/target/classes started by pierre in /Users/pierre/eclipse-workspace/P12/webapp)
2024-03-11T19:21:10.852+01:00  INFO 43610 --- [webapp] [restartedMain] c.o.webapp.WebappApplication             : No active profile set, falling back to 1 default profile: "default"
2024-03-11T19:21:11.230+01:00  INFO 43610 --- [webapp] [restartedMain] o.s.b.w.embedded.tomcat.TomcatWebServer  : Tomcat initialized with port 9001 (http)
2024-03-11T19:21:11.234+01:00  INFO 43610 --- [webapp] [restartedMain] o.apache.catalina.core.StandardService   : Starting service [Tomcat]
2024-03-11T19:21:11.234+01:00  INFO 43610 --- [webapp] [restartedMain] o.apache.catalina.core.StandardEngine    : Starting Servlet engine: [Apache Tomcat/10.1.18]
2024-03-11T19:21:11.255+01:00  INFO 43610 --- [webapp] [restartedMain] o.a.c.c.C.[Tomcat].[localhost].[/]       : Initializing Spring embedded WebApplicationContext
2024-03-11T19:21:11.255+01:00  INFO 43610 --- [webapp] [restartedMain] w.s.c.ServletWebServerApplicationContext : Root WebApplicationContext: initialization completed in 389 ms
2024-03-11T19:21:11.549+01:00  INFO 43610 --- [webapp] [restartedMain] o.s.b.d.a.OptionalLiveReloadServer       : LiveReload server is running on port 35729
2024-03-11T19:21:11.568+01:00  INFO 43610 --- [webapp] [restartedMain] o.s.b.w.embedded.tomcat.TomcatWebServer  : Tomcat started on port 9001 (http) with context path ''
2024-03-11T19:21:11.576+01:00  INFO 43610 --- [webapp] [restartedMain] c.o.webapp.WebappApplication             : Started WebappApplication in 0.864 seconds (process running for 7950.007)
2024-03-11T19:21:11.582+01:00  INFO 43610 --- [webapp] [restartedMain] .ConditionEvaluationDeltaLoggingListener : Condition evaluation unchanged
2024-03-11T19:21:18.062+01:00  INFO 43610 --- [webapp] [File Watcher] rtingClassPathChangeChangedEventListener : Restarting due to 1 class path change (0 additions, 0 deletions, 1 modification)
2024-03-11T19:21:18.404+01:00  INFO 43610 --- [webapp] [restartedMain] c.o.webapp.WebappApplication             : Starting WebappApplication using Java 17.0.9 with PID 43610 (/Users/pierre/eclipse-workspace/P12/webapp/target/classes started by pierre in /Users/pierre/eclipse-workspace/P12/webapp)
2024-03-11T19:21:18.409+01:00  INFO 43610 --- [webapp] [restartedMain] c.o.webapp.WebappApplication             : No active profile set, falling back to 1 default profile: "default"
2024-03-11T19:21:18.771+01:00  INFO 43610 --- [webapp] [restartedMain] o.s.b.w.embedded.tomcat.TomcatWebServer  : Tomcat initialized with port 9001 (http)
2024-03-11T19:21:18.774+01:00  INFO 43610 --- [webapp] [restartedMain] o.apache.catalina.core.StandardService   : Starting service [Tomcat]
2024-03-11T19:21:18.774+01:00  INFO 43610 --- [webapp] [restartedMain] o.apache.catalina.core.StandardEngine    : Starting Servlet engine: [Apache Tomcat/10.1.18]
2024-03-11T19:21:18.794+01:00  INFO 43610 --- [webapp] [restartedMain] o.a.c.c.C.[Tomcat].[localhost].[/]       : Initializing Spring embedded WebApplicationContext
2024-03-11T19:21:18.795+01:00  INFO 43610 --- [webapp] [restartedMain] w.s.c.ServletWebServerApplicationContext : Root WebApplicationContext: initialization completed in 367 ms
2024-03-11T19:21:19.088+01:00  INFO 43610 --- [webapp] [restartedMain] o.s.b.d.a.OptionalLiveReloadServer       : LiveReload server is running on port 35729
2024-03-11T19:21:19.106+01:00  INFO 43610 --- [webapp] [restartedMain] o.s.b.w.embedded.tomcat.TomcatWebServer  : Tomcat started on port 9001 (http) with context path ''
2024-03-11T19:21:19.112+01:00  INFO 43610 --- [webapp] [restartedMain] c.o.webapp.WebappApplication             : Started WebappApplication in 0.845 seconds (process running for 7957.543)
2024-03-11T19:21:19.118+01:00  INFO 43610 --- [webapp] [restartedMain] .ConditionEvaluationDeltaLoggingListener : Condition evaluation unchanged
2024-03-11T19:27:55.898+01:00  INFO 43610 --- [webapp] [File Watcher] rtingClassPathChangeChangedEventListener : Restarting due to 1 class path change (0 additions, 0 deletions, 1 modification)
2024-03-11T19:27:56.221+01:00  INFO 43610 --- [webapp] [restartedMain] c.o.webapp.WebappApplication             : Starting WebappApplication using Java 17.0.9 with PID 43610 (/Users/pierre/eclipse-workspace/P12/webapp/target/classes started by pierre in /Users/pierre/eclipse-workspace/P12/webapp)
2024-03-11T19:27:56.226+01:00  INFO 43610 --- [webapp] [restartedMain] c.o.webapp.WebappApplication             : No active profile set, falling back to 1 default profile: "default"
2024-03-11T19:27:56.614+01:00  INFO 43610 --- [webapp] [restartedMain] o.s.b.w.embedded.tomcat.TomcatWebServer  : Tomcat initialized with port 9001 (http)
2024-03-11T19:27:56.624+01:00  INFO 43610 --- [webapp] [restartedMain] o.apache.catalina.core.StandardService   : Starting service [Tomcat]
2024-03-11T19:27:56.624+01:00  INFO 43610 --- [webapp] [restartedMain] o.apache.catalina.core.StandardEngine    : Starting Servlet engine: [Apache Tomcat/10.1.18]
2024-03-11T19:27:56.644+01:00  INFO 43610 --- [webapp] [restartedMain] o.a.c.c.C.[Tomcat].[localhost].[/]       : Initializing Spring embedded WebApplicationContext
2024-03-11T19:27:56.644+01:00  INFO 43610 --- [webapp] [restartedMain] w.s.c.ServletWebServerApplicationContext : Root WebApplicationContext: initialization completed in 402 ms
2024-03-11T19:27:56.906+01:00  INFO 43610 --- [webapp] [restartedMain] o.s.b.d.a.OptionalLiveReloadServer       : LiveReload server is running on port 35729
2024-03-11T19:27:56.924+01:00  INFO 43610 --- [webapp] [restartedMain] o.s.b.w.embedded.tomcat.TomcatWebServer  : Tomcat started on port 9001 (http) with context path ''
2024-03-11T19:27:56.931+01:00  INFO 43610 --- [webapp] [restartedMain] c.o.webapp.WebappApplication             : Started WebappApplication in 0.849 seconds (process running for 8355.362)
2024-03-11T19:27:56.936+01:00  INFO 43610 --- [webapp] [restartedMain] .ConditionEvaluationDeltaLoggingListener : Condition evaluation unchanged
2024-03-11T19:33:20.067+01:00  INFO 43610 --- [webapp] [File Watcher] rtingClassPathChangeChangedEventListener : Restarting due to 2 class path changes (0 additions, 0 deletions, 2 modifications)
2024-03-11T19:33:20.408+01:00  INFO 43610 --- [webapp] [restartedMain] c.o.webapp.WebappApplication             : Starting WebappApplication using Java 17.0.9 with PID 43610 (/Users/pierre/eclipse-workspace/P12/webapp/target/classes started by pierre in /Users/pierre/eclipse-workspace/P12/webapp)
2024-03-11T19:33:20.413+01:00  INFO 43610 --- [webapp] [restartedMain] c.o.webapp.WebappApplication             : No active profile set, falling back to 1 default profile: "default"
2024-03-11T19:33:20.766+01:00  INFO 43610 --- [webapp] [restartedMain] o.s.b.w.embedded.tomcat.TomcatWebServer  : Tomcat initialized with port 9001 (http)
2024-03-11T19:33:20.774+01:00  INFO 43610 --- [webapp] [restartedMain] o.apache.catalina.core.StandardService   : Starting service [Tomcat]
2024-03-11T19:33:20.774+01:00  INFO 43610 --- [webapp] [restartedMain] o.apache.catalina.core.StandardEngine    : Starting Servlet engine: [Apache Tomcat/10.1.18]
2024-03-11T19:33:20.796+01:00  INFO 43610 --- [webapp] [restartedMain] o.a.c.c.C.[Tomcat].[localhost].[/]       : Initializing Spring embedded WebApplicationContext
2024-03-11T19:33:20.796+01:00  INFO 43610 --- [webapp] [restartedMain] w.s.c.ServletWebServerApplicationContext : Root WebApplicationContext: initialization completed in 367 ms
2024-03-11T19:33:21.060+01:00  INFO 43610 --- [webapp] [restartedMain] o.s.b.d.a.OptionalLiveReloadServer       : LiveReload server is running on port 35729
2024-03-11T19:33:21.078+01:00  INFO 43610 --- [webapp] [restartedMain] o.s.b.w.embedded.tomcat.TomcatWebServer  : Tomcat started on port 9001 (http) with context path ''
2024-03-11T19:33:21.085+01:00  INFO 43610 --- [webapp] [restartedMain] c.o.webapp.WebappApplication             : Started WebappApplication in 0.821 seconds (process running for 8679.516)
2024-03-11T19:33:21.090+01:00  INFO 43610 --- [webapp] [restartedMain] .ConditionEvaluationDeltaLoggingListener : Condition evaluation unchanged
2024-03-11T19:35:42.826+01:00  INFO 43610 --- [webapp] [http-nio-9001-exec-1] o.a.c.c.C.[Tomcat].[localhost].[/]       : Initializing Spring DispatcherServlet 'dispatcherServlet'
2024-03-11T19:35:42.834+01:00  INFO 43610 --- [webapp] [http-nio-9001-exec-1] o.s.web.servlet.DispatcherServlet        : Initializing Servlet 'dispatcherServlet'
2024-03-11T19:35:42.841+01:00  INFO 43610 --- [webapp] [http-nio-9001-exec-1] o.s.web.servlet.DispatcherServlet        : Completed initialization in 5 ms
2024-03-11T19:35:42.940+01:00  WARN 43610 --- [webapp] [http-nio-9001-exec-1] actStandardFragmentInsertionTagProcessor : [THYMELEAF][http-nio-9001-exec-1][home] Deprecated unwrapped fragment expression "fragments/menu" found in template home, line 14, col 6. Please use the complete syntax of fragment expressions instead ("~{fragments/menu}"). The old, unwrapped syntax for fragment expressions will be removed in future versions of Thymeleaf.
2024-03-11T19:35:42.956+01:00  WARN 43610 --- [webapp] [http-nio-9001-exec-1] actStandardFragmentInsertionTagProcessor : [THYMELEAF][http-nio-9001-exec-1][home] Deprecated unwrapped fragment expression "fragments/footer" found in template home, line 100, col 6. Please use the complete syntax of fragment expressions instead ("~{fragments/footer}"). The old, unwrapped syntax for fragment expressions will be removed in future versions of Thymeleaf.
2024-03-11T19:38:59.310+01:00  WARN 43610 --- [webapp] [http-nio-9001-exec-8] actStandardFragmentInsertionTagProcessor : [THYMELEAF][http-nio-9001-exec-8][home] Deprecated unwrapped fragment expression "fragments/menu" found in template home, line 14, col 6. Please use the complete syntax of fragment expressions instead ("~{fragments/menu}"). The old, unwrapped syntax for fragment expressions will be removed in future versions of Thymeleaf.
2024-03-11T19:38:59.329+01:00  WARN 43610 --- [webapp] [http-nio-9001-exec-8] actStandardFragmentInsertionTagProcessor : [THYMELEAF][http-nio-9001-exec-8][home] Deprecated unwrapped fragment expression "fragments/footer" found in template home, line 100, col 6. Please use the complete syntax of fragment expressions instead ("~{fragments/footer}"). The old, unwrapped syntax for fragment expressions will be removed in future versions of Thymeleaf.
2024-03-11T19:39:00.427+01:00  WARN 43610 --- [webapp] [http-nio-9001-exec-9] actStandardFragmentInsertionTagProcessor : [THYMELEAF][http-nio-9001-exec-9][miels] Deprecated unwrapped fragment expression "fragments/menu" found in template miels, line 12, col 9. Please use the complete syntax of fragment expressions instead ("~{fragments/menu}"). The old, unwrapped syntax for fragment expressions will be removed in future versions of Thymeleaf.
2024-03-11T19:39:00.448+01:00  WARN 43610 --- [webapp] [http-nio-9001-exec-9] actStandardFragmentInsertionTagProcessor : [THYMELEAF][http-nio-9001-exec-9][miels] Deprecated unwrapped fragment expression "fragments/footer" found in template miels, line 32, col 6. Please use the complete syntax of fragment expressions instead ("~{fragments/footer}"). The old, unwrapped syntax for fragment expressions will be removed in future versions of Thymeleaf.
2024-03-11T19:39:04.287+01:00  WARN 43610 --- [webapp] [http-nio-9001-exec-2] actStandardFragmentInsertionTagProcessor : [THYMELEAF][http-nio-9001-exec-2][home] Deprecated unwrapped fragment expression "fragments/menu" found in template home, line 14, col 6. Please use the complete syntax of fragment expressions instead ("~{fragments/menu}"). The old, unwrapped syntax for fragment expressions will be removed in future versions of Thymeleaf.
2024-03-11T19:39:04.302+01:00  WARN 43610 --- [webapp] [http-nio-9001-exec-2] actStandardFragmentInsertionTagProcessor : [THYMELEAF][http-nio-9001-exec-2][home] Deprecated unwrapped fragment expression "fragments/footer" found in template home, line 100, col 6. Please use the complete syntax of fragment expressions instead ("~{fragments/footer}"). The old, unwrapped syntax for fragment expressions will be removed in future versions of Thymeleaf.
2024-03-11T19:40:24.793+01:00  WARN 43610 --- [webapp] [http-nio-9001-exec-10] actStandardFragmentInsertionTagProcessor : [THYMELEAF][http-nio-9001-exec-10][home] Deprecated unwrapped fragment expression "fragments/menu" found in template home, line 14, col 6. Please use the complete syntax of fragment expressions instead ("~{fragments/menu}"). The old, unwrapped syntax for fragment expressions will be removed in future versions of Thymeleaf.
2024-03-11T19:40:24.802+01:00  WARN 43610 --- [webapp] [http-nio-9001-exec-10] actStandardFragmentInsertionTagProcessor : [THYMELEAF][http-nio-9001-exec-10][home] Deprecated unwrapped fragment expression "fragments/footer" found in template home, line 100, col 6. Please use the complete syntax of fragment expressions instead ("~{fragments/footer}"). The old, unwrapped syntax for fragment expressions will be removed in future versions of Thymeleaf.
2024-03-11T19:49:09.495+01:00  INFO 43610 --- [webapp] [File Watcher] rtingClassPathChangeChangedEventListener : Restarting due to 1 class path change (0 additions, 0 deletions, 1 modification)
2024-03-11T19:49:09.860+01:00  INFO 43610 --- [webapp] [restartedMain] c.o.webapp.WebappApplication             : Starting WebappApplication using Java 17.0.9 with PID 43610 (/Users/pierre/eclipse-workspace/P12/webapp/target/classes started by pierre in /Users/pierre/eclipse-workspace/P12/webapp)
2024-03-11T19:49:09.866+01:00  INFO 43610 --- [webapp] [restartedMain] c.o.webapp.WebappApplication             : No active profile set, falling back to 1 default profile: "default"
2024-03-11T19:49:10.224+01:00  INFO 43610 --- [webapp] [restartedMain] o.s.b.w.embedded.tomcat.TomcatWebServer  : Tomcat initialized with port 9001 (http)
2024-03-11T19:49:10.228+01:00  INFO 43610 --- [webapp] [restartedMain] o.apache.catalina.core.StandardService   : Starting service [Tomcat]
2024-03-11T19:49:10.228+01:00  INFO 43610 --- [webapp] [restartedMain] o.apache.catalina.core.StandardEngine    : Starting Servlet engine: [Apache Tomcat/10.1.18]
2024-03-11T19:49:10.247+01:00  INFO 43610 --- [webapp] [restartedMain] o.a.c.c.C.[Tomcat].[localhost].[/]       : Initializing Spring embedded WebApplicationContext
2024-03-11T19:49:10.248+01:00  INFO 43610 --- [webapp] [restartedMain] w.s.c.ServletWebServerApplicationContext : Root WebApplicationContext: initialization completed in 365 ms
2024-03-11T19:49:10.533+01:00  INFO 43610 --- [webapp] [restartedMain] o.s.b.d.a.OptionalLiveReloadServer       : LiveReload server is running on port 35729
2024-03-11T19:49:10.551+01:00  INFO 43610 --- [webapp] [restartedMain] o.s.b.w.embedded.tomcat.TomcatWebServer  : Tomcat started on port 9001 (http) with context path ''
2024-03-11T19:49:10.558+01:00  INFO 43610 --- [webapp] [restartedMain] c.o.webapp.WebappApplication             : Started WebappApplication in 0.852 seconds (process running for 9628.979)
2024-03-11T19:49:10.564+01:00  INFO 43610 --- [webapp] [restartedMain] .ConditionEvaluationDeltaLoggingListener : Condition evaluation unchanged
